<?xml version="1.0" encoding="UTF-8"?>
<!-- Generated by org.testng.reporters.JUnitReportReporter -->
<testsuite hostname="NIHANs-MBP" name="com.verizon.tests.VerizonMainTest" tests="2" failures="0" timestamp="16 Apr 2020 00:32:22 GMT" time="10.593" errors="0">
  <testcase name="verifyTitle" time="3.236" classname="com.verizon.tests.VerizonMainTest"/>
  <testcase name="moveToSmartPhone" time="7.357" classname="com.verizon.tests.VerizonMainTest"/>
</testsuite> <!-- com.verizon.tests.VerizonMainTest -->
