<?xml version="1.0" encoding="UTF-8"?>
<!-- Generated by org.testng.reporters.JUnitReportReporter -->
<testsuite hostname="NIHANs-MBP" name="Tests.SmartPhoneTest" tests="1" failures="0" timestamp="3 Mar 2020 16:14:33 GMT" time="5.052" errors="0">
  <testcase name="getTitle" time="5.052" classname="Tests.SmartPhoneTest"/>
</testsuite> <!-- Tests.SmartPhoneTest -->
