<?xml version="1.0" encoding="UTF-8"?>
<!-- Generated by org.testng.reporters.JUnitReportReporter -->
<testsuite hostname="NIHANs-MacBook-Pro.local" name="com.verizon.tests.SmartPhoneTest" tests="2" failures="0" timestamp="8 Mar 2020 14:52:56 GMT" time="17.052" errors="0">
  <testcase name="selectIphone11" time="10.040" classname="com.verizon.tests.SmartPhoneTest"/>
  <testcase name="getTitle" time="7.012" classname="com.verizon.tests.SmartPhoneTest"/>
</testsuite> <!-- com.verizon.tests.SmartPhoneTest -->
