<?xml version="1.0" encoding="UTF-8"?>
<!-- Generated by org.testng.reporters.JUnitReportReporter -->
<testsuite hostname="NIHANs-MacBook-Pro.local" name="com.verizon.tests.VerizonMainTest" tests="2" failures="0" timestamp="8 Mar 2020 14:52:11 GMT" time="10.862" errors="0">
  <testcase name="verifyTitle" time="2.506" classname="com.verizon.tests.VerizonMainTest"/>
  <testcase name="moveToSmartPhone" time="8.356" classname="com.verizon.tests.VerizonMainTest"/>
</testsuite> <!-- com.verizon.tests.VerizonMainTest -->
