<?xml version="1.0" encoding="UTF-8"?>
<!-- Generated by org.testng.reporters.JUnitReportReporter -->
<testsuite hostname="NIHANs-MacBook-Pro.local" name="com.verizon.tests.FeaturePhoneTest" tests="4" failures="0" timestamp="9 Mar 2020 22:37:03 GMT" time="54.406" errors="0">
  <testcase name="featuresInOne" time="16.222" classname="com.verizon.tests.FeaturePhoneTest"/>
  <testcase name="verifyPrice" time="17.923" classname="com.verizon.tests.FeaturePhoneTest"/>
  <testcase name="features" time="10.700" classname="com.verizon.tests.FeaturePhoneTest"/>
  <testcase name="verifyTitle" time="9.561" classname="com.verizon.tests.FeaturePhoneTest"/>
</testsuite> <!-- com.verizon.tests.FeaturePhoneTest -->
